{"/Users/edu/Projects/assets-page-mono/assets-page/src/App.tsx": {"path":"/Users/edu/Projects/assets-page-mono/assets-page/src/App.tsx","statementMap":{"0":{"start":{"line":12,"column":2},"end":{"line":27,"column":null}}},"fnMap":{"0":{"name":"App","decl":{"start":{"line":11,"column":9},"end":{"line":11,"column":15}},"loc":{"start":{"line":11,"column":15},"end":{"line":29,"column":null}}}},"branchMap":{},"s":{"0":0},"f":{"0":0},"b":{}}
,"/Users/edu/Projects/assets-page-mono/assets-page/src/constants.ts": {"path":"/Users/edu/Projects/assets-page-mono/assets-page/src/constants.ts","statementMap":{"0":{"start":{"line":1,"column":23},"end":{"line":1,"column":null}}},"fnMap":{},"branchMap":{},"s":{"0":1},"f":{},"b":{}}
,"/Users/edu/Projects/assets-page-mono/assets-page/src/main.tsx": {"path":"/Users/edu/Projects/assets-page-mono/assets-page/src/main.tsx","statementMap":{"0":{"start":{"line":6,"column":0},"end":{"line":12,"column":null}}},"fnMap":{},"branchMap":{},"s":{"0":0},"f":{},"b":{}}
,"/Users/edu/Projects/assets-page-mono/assets-page/src/assets/DashboardIcon.tsx": {"path":"/Users/edu/Projects/assets-page-mono/assets-page/src/assets/DashboardIcon.tsx","statementMap":{"0":{"start":{"line":9,"column":2},"end":{"line":22,"column":null}}},"fnMap":{"0":{"name":"DashboardIcon","decl":{"start":{"line":8,"column":9},"end":{"line":8,"column":23}},"loc":{"start":{"line":8,"column":57},"end":{"line":24,"column":null}}}},"branchMap":{},"s":{"0":3},"f":{"0":3},"b":{}}
,"/Users/edu/Projects/assets-page-mono/assets-page/src/assets/MyAssetsIcon.tsx": {"path":"/Users/edu/Projects/assets-page-mono/assets-page/src/assets/MyAssetsIcon.tsx","statementMap":{"0":{"start":{"line":9,"column":2},"end":{"line":21,"column":null}}},"fnMap":{"0":{"name":"MyAssetsIcon","decl":{"start":{"line":8,"column":9},"end":{"line":8,"column":22}},"loc":{"start":{"line":8,"column":55},"end":{"line":23,"column":null}}}},"branchMap":{},"s":{"0":3},"f":{"0":3},"b":{}}
,"/Users/edu/Projects/assets-page-mono/assets-page/src/components/AssetGraph.tsx": {"path":"/Users/edu/Projects/assets-page-mono/assets-page/src/components/AssetGraph.tsx","statementMap":{"0":{"start":{"line":19,"column":16},"end":{"line":19,"column":null}},"1":{"start":{"line":20,"column":17},"end":{"line":20,"column":null}},"2":{"start":{"line":21,"column":17},"end":{"line":21,"column":null}},"3":{"start":{"line":23,"column":15},"end":{"line":23,"column":null}},"4":{"start":{"line":24,"column":15},"end":{"line":24,"column":null}},"5":{"start":{"line":26,"column":17},"end":{"line":33,"column":null}},"6":{"start":{"line":28,"column":6},"end":{"line":31,"column":null}},"7":{"start":{"line":35,"column":17},"end":{"line":43,"column":null}},"8":{"start":{"line":37,"column":6},"end":{"line":41,"column":null}},"9":{"start":{"line":39,"column":41},"end":{"line":39,"column":48}},"10":{"start":{"line":45,"column":2},"end":{"line":76,"column":null}},"11":{"start":{"line":64,"column":31},"end":{"line":64,"column":null}},"12":{"start":{"line":69,"column":25},"end":{"line":69,"column":null}},"13":{"start":{"line":70,"column":22},"end":{"line":70,"column":null}}},"fnMap":{"0":{"name":"AssetGraph","decl":{"start":{"line":18,"column":9},"end":{"line":18,"column":20}},"loc":{"start":{"line":18,"column":52},"end":{"line":78,"column":null}}},"1":{"name":"(anonymous_1)","decl":{"start":{"line":27,"column":4},"end":{"line":27,"column":null}},"loc":{"start":{"line":28,"column":6},"end":{"line":31,"column":null}}},"2":{"name":"(anonymous_2)","decl":{"start":{"line":36,"column":4},"end":{"line":36,"column":null}},"loc":{"start":{"line":37,"column":6},"end":{"line":41,"column":null}}},"3":{"name":"(anonymous_3)","decl":{"start":{"line":39,"column":34},"end":{"line":39,"column":35}},"loc":{"start":{"line":39,"column":41},"end":{"line":39,"column":48}}},"4":{"name":"(anonymous_4)","decl":{"start":{"line":64,"column":24},"end":{"line":64,"column":25}},"loc":{"start":{"line":64,"column":31},"end":{"line":64,"column":null}}},"5":{"name":"(anonymous_5)","decl":{"start":{"line":69,"column":15},"end":{"line":69,"column":16}},"loc":{"start":{"line":69,"column":25},"end":{"line":69,"column":null}}},"6":{"name":"(anonymous_6)","decl":{"start":{"line":70,"column":15},"end":{"line":70,"column":16}},"loc":{"start":{"line":70,"column":22},"end":{"line":70,"column":null}}}},"branchMap":{},"s":{"0":6,"1":6,"2":6,"3":6,"4":6,"5":6,"6":6,"7":6,"8":6,"9":30,"10":6,"11":54,"12":30,"13":30},"f":{"0":6,"1":6,"2":6,"3":30,"4":54,"5":30,"6":30},"b":{}}
,"/Users/edu/Projects/assets-page-mono/assets-page/src/components/Button.tsx": {"path":"/Users/edu/Projects/assets-page-mono/assets-page/src/components/Button.tsx","statementMap":{"0":{"start":{"line":14,"column":21},"end":{"line":18,"column":null}},"1":{"start":{"line":16,"column":6},"end":{"line":16,"column":null}},"2":{"start":{"line":20,"column":24},"end":{"line":26,"column":null}},"3":{"start":{"line":21,"column":11},"end":{"line":24,"column":null}},"4":{"start":{"line":28,"column":2},"end":{"line":33,"column":null}}},"fnMap":{"0":{"name":"Button","decl":{"start":{"line":9,"column":9},"end":{"line":9,"column":16}},"loc":{"start":{"line":13,"column":16},"end":{"line":35,"column":null}}},"1":{"name":"(anonymous_1)","decl":{"start":{"line":15,"column":4},"end":{"line":15,"column":null}},"loc":{"start":{"line":16,"column":6},"end":{"line":16,"column":null}}},"2":{"name":"(anonymous_2)","decl":{"start":{"line":21,"column":4},"end":{"line":21,"column":11}},"loc":{"start":{"line":21,"column":11},"end":{"line":24,"column":null}}}},"branchMap":{"0":{"loc":{"start":{"line":10,"column":2},"end":{"line":10,"column":null}},"type":"default-arg","locations":[{"start":{"line":10,"column":12},"end":{"line":10,"column":null}}]},"1":{"loc":{"start":{"line":11,"column":2},"end":{"line":11,"column":null}},"type":"default-arg","locations":[{"start":{"line":11,"column":14},"end":{"line":11,"column":null}}]}},"s":{"0":22,"1":16,"2":22,"3":16,"4":22},"f":{"0":22,"1":16,"2":16},"b":{"0":[4],"1":[21]}}
,"/Users/edu/Projects/assets-page-mono/assets-page/src/components/Header.tsx": {"path":"/Users/edu/Projects/assets-page-mono/assets-page/src/components/Header.tsx","statementMap":{"0":{"start":{"line":5,"column":23},"end":{"line":5,"column":null}},"1":{"start":{"line":7,"column":20},"end":{"line":15,"column":null}},"2":{"start":{"line":8,"column":16},"end":{"line":8,"column":null}},"3":{"start":{"line":9,"column":4},"end":{"line":9,"column":null}},"4":{"start":{"line":9,"column":26},"end":{"line":9,"column":null}},"5":{"start":{"line":10,"column":4},"end":{"line":10,"column":null}},"6":{"start":{"line":10,"column":32},"end":{"line":10,"column":null}},"7":{"start":{"line":11,"column":4},"end":{"line":13,"column":null}},"8":{"start":{"line":12,"column":6},"end":{"line":12,"column":null}},"9":{"start":{"line":14,"column":4},"end":{"line":14,"column":null}},"10":{"start":{"line":17,"column":2},"end":{"line":20,"column":null}}},"fnMap":{"0":{"name":"Sidebar","decl":{"start":{"line":4,"column":9},"end":{"line":4,"column":19}},"loc":{"start":{"line":4,"column":19},"end":{"line":22,"column":null}}},"1":{"name":"(anonymous_1)","decl":{"start":{"line":7,"column":28},"end":{"line":7,"column":34}},"loc":{"start":{"line":7,"column":34},"end":{"line":15,"column":5}}}},"branchMap":{"0":{"loc":{"start":{"line":9,"column":4},"end":{"line":9,"column":null}},"type":"if","locations":[{"start":{"line":9,"column":4},"end":{"line":9,"column":null}},{"start":{},"end":{}}]},"1":{"loc":{"start":{"line":10,"column":4},"end":{"line":10,"column":null}},"type":"if","locations":[{"start":{"line":10,"column":4},"end":{"line":10,"column":null}},{"start":{},"end":{}}]},"2":{"loc":{"start":{"line":11,"column":4},"end":{"line":13,"column":null}},"type":"if","locations":[{"start":{"line":11,"column":4},"end":{"line":13,"column":null}},{"start":{},"end":{}}]}},"s":{"0":4,"1":4,"2":4,"3":4,"4":2,"5":4,"6":1,"7":4,"8":1,"9":4,"10":4},"f":{"0":4,"1":4},"b":{"0":[2,2],"1":[1,3],"2":[1,3]}}
,"/Users/edu/Projects/assets-page-mono/assets-page/src/components/MenuLink.tsx": {"path":"/Users/edu/Projects/assets-page-mono/assets-page/src/components/MenuLink.tsx","statementMap":{"0":{"start":{"line":14,"column":2},"end":{"line":30,"column":null}}},"fnMap":{"0":{"name":"MenuLink","decl":{"start":{"line":13,"column":9},"end":{"line":13,"column":18}},"loc":{"start":{"line":13,"column":71},"end":{"line":32,"column":null}}}},"branchMap":{},"s":{"0":6},"f":{"0":6},"b":{}}
,"/Users/edu/Projects/assets-page-mono/assets-page/src/components/MyStock.tsx": {"path":"/Users/edu/Projects/assets-page-mono/assets-page/src/components/MyStock.tsx","statementMap":{"0":{"start":{"line":16,"column":17},"end":{"line":18,"column":null}},"1":{"start":{"line":17,"column":4},"end":{"line":17,"column":null}},"2":{"start":{"line":20,"column":2},"end":{"line":60,"column":null}}},"fnMap":{"0":{"name":"MyStock","decl":{"start":{"line":15,"column":9},"end":{"line":15,"column":17}},"loc":{"start":{"line":15,"column":42},"end":{"line":62,"column":null}}},"1":{"name":"(anonymous_1)","decl":{"start":{"line":16,"column":25},"end":{"line":16,"column":31}},"loc":{"start":{"line":16,"column":31},"end":{"line":18,"column":5}}}},"branchMap":{"0":{"loc":{"start":{"line":53,"column":14},"end":{"line":53,"column":null}},"type":"cond-expr","locations":[{"start":{"line":53,"column":28},"end":{"line":53,"column":47}},{"start":{"line":53,"column":47},"end":{"line":53,"column":null}}]},"1":{"loc":{"start":{"line":56,"column":13},"end":{"line":56,"column":37}},"type":"cond-expr","locations":[{"start":{"line":56,"column":27},"end":{"line":56,"column":33}},{"start":{"line":56,"column":33},"end":{"line":56,"column":37}}]}},"s":{"0":8,"1":8,"2":8},"f":{"0":8,"1":8},"b":{"0":[7,1],"1":[7,1]}}
,"/Users/edu/Projects/assets-page-mono/assets-page/src/components/PortfolioCard.tsx": {"path":"/Users/edu/Projects/assets-page-mono/assets-page/src/components/PortfolioCard.tsx","statementMap":{"0":{"start":{"line":14,"column":25},"end":{"line":19,"column":null}},"1":{"start":{"line":15,"column":4},"end":{"line":18,"column":null}},"2":{"start":{"line":21,"column":2},"end":{"line":53,"column":null}}},"fnMap":{"0":{"name":"PortfolioCard","decl":{"start":{"line":9,"column":9},"end":{"line":9,"column":23}},"loc":{"start":{"line":13,"column":23},"end":{"line":55,"column":null}}},"1":{"name":"(anonymous_1)","decl":{"start":{"line":14,"column":25},"end":{"line":14,"column":26}},"loc":{"start":{"line":14,"column":44},"end":{"line":19,"column":null}}}},"branchMap":{},"s":{"0":4,"1":12,"2":4},"f":{"0":4,"1":12},"b":{}}
,"/Users/edu/Projects/assets-page-mono/assets-page/src/components/Sidebar.tsx": {"path":"/Users/edu/Projects/assets-page-mono/assets-page/src/components/Sidebar.tsx","statementMap":{"0":{"start":{"line":8,"column":23},"end":{"line":8,"column":null}},"1":{"start":{"line":10,"column":28},"end":{"line":10,"column":null}},"2":{"start":{"line":10,"column":42},"end":{"line":10,"column":60}},"3":{"start":{"line":11,"column":25},"end":{"line":14,"column":null}},"4":{"start":{"line":12,"column":10},"end":{"line":12,"column":null}},"5":{"start":{"line":16,"column":2},"end":{"line":33,"column":null}}},"fnMap":{"0":{"name":"Sidebar","decl":{"start":{"line":7,"column":9},"end":{"line":7,"column":19}},"loc":{"start":{"line":7,"column":19},"end":{"line":35,"column":null}}},"1":{"name":"(anonymous_1)","decl":{"start":{"line":10,"column":36},"end":{"line":10,"column":42}},"loc":{"start":{"line":10,"column":42},"end":{"line":10,"column":60}}},"2":{"name":"(anonymous_2)","decl":{"start":{"line":12,"column":4},"end":{"line":12,"column":10}},"loc":{"start":{"line":12,"column":10},"end":{"line":12,"column":null}}}},"branchMap":{},"s":{"0":3,"1":3,"2":3,"3":3,"4":3,"5":3},"f":{"0":3,"1":3,"2":3},"b":{}}
,"/Users/edu/Projects/assets-page-mono/assets-page/src/components/Stock.tsx": {"path":"/Users/edu/Projects/assets-page-mono/assets-page/src/components/Stock.tsx","statementMap":{"0":{"start":{"line":9,"column":27},"end":{"line":12,"column":null}},"1":{"start":{"line":10,"column":22},"end":{"line":10,"column":null}},"2":{"start":{"line":11,"column":4},"end":{"line":11,"column":null}},"3":{"start":{"line":14,"column":21},"end":{"line":14,"column":null}},"4":{"start":{"line":14,"column":35},"end":{"line":14,"column":57}},"5":{"start":{"line":16,"column":2},"end":{"line":41,"column":null}}},"fnMap":{"0":{"name":"Stock","decl":{"start":{"line":8,"column":9},"end":{"line":8,"column":15}},"loc":{"start":{"line":8,"column":38},"end":{"line":43,"column":null}}},"1":{"name":"(anonymous_1)","decl":{"start":{"line":9,"column":35},"end":{"line":9,"column":41}},"loc":{"start":{"line":9,"column":41},"end":{"line":12,"column":5}}},"2":{"name":"(anonymous_2)","decl":{"start":{"line":14,"column":29},"end":{"line":14,"column":35}},"loc":{"start":{"line":14,"column":35},"end":{"line":14,"column":57}}}},"branchMap":{"0":{"loc":{"start":{"line":34,"column":12},"end":{"line":34,"column":null}},"type":"cond-expr","locations":[{"start":{"line":34,"column":25},"end":{"line":34,"column":44}},{"start":{"line":34,"column":44},"end":{"line":34,"column":null}}]},"1":{"loc":{"start":{"line":37,"column":11},"end":{"line":37,"column":null}},"type":"cond-expr","locations":[{"start":{"line":37,"column":24},"end":{"line":37,"column":30}},{"start":{"line":37,"column":30},"end":{"line":37,"column":null}}]}},"s":{"0":6,"1":6,"2":6,"3":6,"4":6,"5":6},"f":{"0":6,"1":6,"2":6},"b":{"0":[4,2],"1":[4,2]}}
,"/Users/edu/Projects/assets-page-mono/assets-page/src/components/TradeRow.tsx": {"path":"/Users/edu/Projects/assets-page-mono/assets-page/src/components/TradeRow.tsx","statementMap":{"0":{"start":{"line":9,"column":16},"end":{"line":9,"column":null}},"1":{"start":{"line":11,"column":2},"end":{"line":26,"column":null}}},"fnMap":{"0":{"name":"TradeRow","decl":{"start":{"line":8,"column":9},"end":{"line":8,"column":18}},"loc":{"start":{"line":8,"column":42},"end":{"line":28,"column":null}}}},"branchMap":{"0":{"loc":{"start":{"line":18,"column":10},"end":{"line":18,"column":null}},"type":"cond-expr","locations":[{"start":{"line":18,"column":33},"end":{"line":18,"column":52}},{"start":{"line":18,"column":52},"end":{"line":18,"column":null}}]}},"s":{"0":6,"1":6},"f":{"0":6},"b":{"0":[0,6]}}
,"/Users/edu/Projects/assets-page-mono/assets-page/src/components/Trades.tsx": {"path":"/Users/edu/Projects/assets-page-mono/assets-page/src/components/Trades.tsx","statementMap":{"0":{"start":{"line":10,"column":15},"end":{"line":14,"column":null}},"1":{"start":{"line":11,"column":4},"end":{"line":13,"column":null}},"2":{"start":{"line":12,"column":6},"end":{"line":12,"column":null}},"3":{"start":{"line":16,"column":2},"end":{"line":28,"column":null}}},"fnMap":{"0":{"name":"Trades","decl":{"start":{"line":9,"column":9},"end":{"line":9,"column":16}},"loc":{"start":{"line":9,"column":41},"end":{"line":30,"column":null}}},"1":{"name":"(anonymous_1)","decl":{"start":{"line":10,"column":23},"end":{"line":10,"column":29}},"loc":{"start":{"line":10,"column":29},"end":{"line":14,"column":5}}},"2":{"name":"(anonymous_2)","decl":{"start":{"line":11,"column":22},"end":{"line":11,"column":23}},"loc":{"start":{"line":12,"column":6},"end":{"line":12,"column":null}}}},"branchMap":{},"s":{"0":6,"1":6,"2":6,"3":6},"f":{"0":6,"1":6,"2":6},"b":{}}
,"/Users/edu/Projects/assets-page-mono/assets-page/src/contexts/AssetsContext.tsx": {"path":"/Users/edu/Projects/assets-page-mono/assets-page/src/contexts/AssetsContext.tsx","statementMap":{"0":{"start":{"line":16,"column":29},"end":{"line":16,"column":null}}},"fnMap":{},"branchMap":{},"s":{"0":4},"f":{},"b":{}}
,"/Users/edu/Projects/assets-page-mono/assets-page/src/contexts/AssetsProvider.tsx": {"path":"/Users/edu/Projects/assets-page-mono/assets-page/src/contexts/AssetsProvider.tsx","statementMap":{"0":{"start":{"line":7,"column":30},"end":{"line":7,"column":null}},"1":{"start":{"line":9,"column":21},"end":{"line":17,"column":null}},"2":{"start":{"line":10,"column":4},"end":{"line":16,"column":null}},"3":{"start":{"line":11,"column":23},"end":{"line":11,"column":null}},"4":{"start":{"line":12,"column":19},"end":{"line":12,"column":null}},"5":{"start":{"line":13,"column":6},"end":{"line":13,"column":null}},"6":{"start":{"line":15,"column":6},"end":{"line":15,"column":null}},"7":{"start":{"line":19,"column":19},"end":{"line":24,"column":null}},"8":{"start":{"line":21,"column":6},"end":{"line":21,"column":null}},"9":{"start":{"line":21,"column":36},"end":{"line":21,"column":59}},"10":{"start":{"line":26,"column":23},"end":{"line":32,"column":null}},"11":{"start":{"line":27,"column":21},"end":{"line":29,"column":null}},"12":{"start":{"line":28,"column":6},"end":{"line":28,"column":null}},"13":{"start":{"line":31,"column":4},"end":{"line":31,"column":null}},"14":{"start":{"line":31,"column":17},"end":{"line":31,"column":null}},"15":{"start":{"line":34,"column":2},"end":{"line":37,"column":null}},"16":{"start":{"line":35,"column":20},"end":{"line":35,"column":null}},"17":{"start":{"line":36,"column":4},"end":{"line":36,"column":null}},"18":{"start":{"line":36,"column":17},"end":{"line":36,"column":null}},"19":{"start":{"line":39,"column":2},"end":{"line":41,"column":null}},"20":{"start":{"line":40,"column":4},"end":{"line":40,"column":null}},"21":{"start":{"line":43,"column":16},"end":{"line":49,"column":null}},"22":{"start":{"line":44,"column":11},"end":{"line":47,"column":null}},"23":{"start":{"line":51,"column":2},"end":{"line":52,"column":null}}},"fnMap":{"0":{"name":"AssetsProvider","decl":{"start":{"line":6,"column":9},"end":{"line":6,"column":24}},"loc":{"start":{"line":6,"column":69},"end":{"line":54,"column":null}}},"1":{"name":"(anonymous_1)","decl":{"start":{"line":9,"column":33},"end":{"line":9,"column":45}},"loc":{"start":{"line":9,"column":45},"end":{"line":17,"column":5}}},"2":{"name":"(anonymous_2)","decl":{"start":{"line":20,"column":4},"end":{"line":20,"column":5}},"loc":{"start":{"line":20,"column":24},"end":{"line":22,"column":null}}},"3":{"name":"(anonymous_3)","decl":{"start":{"line":21,"column":25},"end":{"line":21,"column":26}},"loc":{"start":{"line":21,"column":36},"end":{"line":21,"column":59}}},"4":{"name":"(anonymous_4)","decl":{"start":{"line":26,"column":35},"end":{"line":26,"column":41}},"loc":{"start":{"line":26,"column":41},"end":{"line":32,"column":5}}},"5":{"name":"(anonymous_5)","decl":{"start":{"line":27,"column":33},"end":{"line":27,"column":39}},"loc":{"start":{"line":27,"column":39},"end":{"line":29,"column":7}}},"6":{"name":"(anonymous_6)","decl":{"start":{"line":31,"column":11},"end":{"line":31,"column":17}},"loc":{"start":{"line":31,"column":17},"end":{"line":31,"column":null}}},"7":{"name":"(anonymous_7)","decl":{"start":{"line":34,"column":12},"end":{"line":34,"column":18}},"loc":{"start":{"line":34,"column":18},"end":{"line":37,"column":5}}},"8":{"name":"(anonymous_8)","decl":{"start":{"line":36,"column":11},"end":{"line":36,"column":17}},"loc":{"start":{"line":36,"column":17},"end":{"line":36,"column":null}}},"9":{"name":"(anonymous_9)","decl":{"start":{"line":39,"column":12},"end":{"line":39,"column":18}},"loc":{"start":{"line":39,"column":18},"end":{"line":41,"column":5}}},"10":{"name":"(anonymous_10)","decl":{"start":{"line":44,"column":4},"end":{"line":44,"column":11}},"loc":{"start":{"line":44,"column":11},"end":{"line":47,"column":null}}}},"branchMap":{},"s":{"0":5,"1":5,"2":5,"3":5,"4":4,"5":4,"6":1,"7":5,"8":5,"9":2,"10":5,"11":3,"12":2,"13":3,"14":3,"15":5,"16":3,"17":3,"18":3,"19":5,"20":3,"21":5,"22":5,"23":5},"f":{"0":5,"1":5,"2":5,"3":2,"4":3,"5":2,"6":3,"7":3,"8":3,"9":3,"10":5},"b":{}}
,"/Users/edu/Projects/assets-page-mono/assets-page/src/hooks/useAssets.ts": {"path":"/Users/edu/Projects/assets-page-mono/assets-page/src/hooks/useAssets.ts","statementMap":{"0":{"start":{"line":4,"column":25},"end":{"line":10,"column":null}},"1":{"start":{"line":5,"column":18},"end":{"line":5,"column":null}},"2":{"start":{"line":6,"column":2},"end":{"line":8,"column":null}},"3":{"start":{"line":7,"column":4},"end":{"line":7,"column":null}},"4":{"start":{"line":9,"column":2},"end":{"line":9,"column":null}}},"fnMap":{"0":{"name":"(anonymous_0)","decl":{"start":{"line":4,"column":25},"end":{"line":4,"column":31}},"loc":{"start":{"line":4,"column":31},"end":{"line":10,"column":null}}}},"branchMap":{"0":{"loc":{"start":{"line":6,"column":2},"end":{"line":8,"column":null}},"type":"if","locations":[{"start":{"line":6,"column":2},"end":{"line":8,"column":null}},{"start":{},"end":{}}]}},"s":{"0":2,"1":3,"2":3,"3":2,"4":1},"f":{"0":3},"b":{"0":[2,1]}}
,"/Users/edu/Projects/assets-page-mono/assets-page/src/hooks/useTrading.ts": {"path":"/Users/edu/Projects/assets-page-mono/assets-page/src/hooks/useTrading.ts","statementMap":{"0":{"start":{"line":18,"column":26},"end":{"line":106,"column":null}},"1":{"start":{"line":19,"column":30},"end":{"line":19,"column":null}},"2":{"start":{"line":21,"column":36},"end":{"line":26,"column":null}},"3":{"start":{"line":28,"column":22},"end":{"line":39,"column":null}},"4":{"start":{"line":29,"column":4},"end":{"line":38,"column":null}},"5":{"start":{"line":30,"column":23},"end":{"line":30,"column":null}},"6":{"start":{"line":31,"column":6},"end":{"line":35,"column":null}},"7":{"start":{"line":32,"column":21},"end":{"line":32,"column":null}},"8":{"start":{"line":33,"column":8},"end":{"line":33,"column":null}},"9":{"start":{"line":34,"column":8},"end":{"line":34,"column":null}},"10":{"start":{"line":37,"column":6},"end":{"line":37,"column":null}},"11":{"start":{"line":41,"column":20},"end":{"line":68,"column":null}},"12":{"start":{"line":43,"column":6},"end":{"line":64,"column":null}},"13":{"start":{"line":44,"column":25},"end":{"line":54,"column":null}},"14":{"start":{"line":56,"column":8},"end":{"line":63,"column":null}},"15":{"start":{"line":57,"column":10},"end":{"line":57,"column":null}},"16":{"start":{"line":58,"column":10},"end":{"line":58,"column":null}},"17":{"start":{"line":59,"column":10},"end":{"line":59,"column":null}},"18":{"start":{"line":61,"column":10},"end":{"line":61,"column":null}},"19":{"start":{"line":62,"column":10},"end":{"line":62,"column":null}},"20":{"start":{"line":65,"column":6},"end":{"line":65,"column":null}},"21":{"start":{"line":70,"column":21},"end":{"line":97,"column":null}},"22":{"start":{"line":72,"column":6},"end":{"line":93,"column":null}},"23":{"start":{"line":73,"column":25},"end":{"line":83,"column":null}},"24":{"start":{"line":85,"column":8},"end":{"line":92,"column":null}},"25":{"start":{"line":86,"column":10},"end":{"line":86,"column":null}},"26":{"start":{"line":87,"column":10},"end":{"line":87,"column":null}},"27":{"start":{"line":88,"column":10},"end":{"line":88,"column":null}},"28":{"start":{"line":90,"column":10},"end":{"line":90,"column":null}},"29":{"start":{"line":91,"column":10},"end":{"line":91,"column":null}},"30":{"start":{"line":94,"column":6},"end":{"line":94,"column":null}},"31":{"start":{"line":99,"column":2},"end":{"line":105,"column":null}}},"fnMap":{"0":{"name":"(anonymous_0)","decl":{"start":{"line":18,"column":26},"end":{"line":18,"column":27}},"loc":{"start":{"line":18,"column":73},"end":{"line":106,"column":null}}},"1":{"name":"(anonymous_1)","decl":{"start":{"line":28,"column":34},"end":{"line":28,"column":46}},"loc":{"start":{"line":28,"column":46},"end":{"line":39,"column":5}}},"2":{"name":"(anonymous_2)","decl":{"start":{"line":42,"column":4},"end":{"line":42,"column":11}},"loc":{"start":{"line":42,"column":32},"end":{"line":66,"column":null}}},"3":{"name":"(anonymous_3)","decl":{"start":{"line":71,"column":4},"end":{"line":71,"column":11}},"loc":{"start":{"line":71,"column":32},"end":{"line":95,"column":null}}}},"branchMap":{"0":{"loc":{"start":{"line":31,"column":6},"end":{"line":35,"column":null}},"type":"if","locations":[{"start":{"line":31,"column":6},"end":{"line":35,"column":null}},{"start":{},"end":{}}]},"1":{"loc":{"start":{"line":43,"column":6},"end":{"line":64,"column":null}},"type":"if","locations":[{"start":{"line":43,"column":6},"end":{"line":64,"column":null}},{"start":{},"end":{}}]},"2":{"loc":{"start":{"line":56,"column":8},"end":{"line":63,"column":null}},"type":"if","locations":[{"start":{"line":56,"column":8},"end":{"line":63,"column":null}},{"start":{"line":60,"column":15},"end":{"line":63,"column":null}}]},"3":{"loc":{"start":{"line":72,"column":6},"end":{"line":93,"column":null}},"type":"if","locations":[{"start":{"line":72,"column":6},"end":{"line":93,"column":null}},{"start":{},"end":{}}]},"4":{"loc":{"start":{"line":85,"column":8},"end":{"line":92,"column":null}},"type":"if","locations":[{"start":{"line":85,"column":8},"end":{"line":92,"column":null}},{"start":{"line":89,"column":15},"end":{"line":92,"column":null}}]}},"s":{"0":1,"1":6,"2":6,"3":6,"4":3,"5":3,"6":3,"7":3,"8":3,"9":3,"10":0,"11":6,"12":1,"13":1,"14":1,"15":1,"16":1,"17":1,"18":0,"19":0,"20":0,"21":6,"22":1,"23":1,"24":1,"25":1,"26":1,"27":1,"28":0,"29":0,"30":0,"31":6},"f":{"0":6,"1":3,"2":1,"3":1},"b":{"0":[3,0],"1":[1,0],"2":[1,0],"3":[1,0],"4":[1,0]}}
,"/Users/edu/Projects/assets-page-mono/assets-page/src/pages/Asset.tsx": {"path":"/Users/edu/Projects/assets-page-mono/assets-page/src/pages/Asset.tsx","statementMap":{"0":{"start":{"line":11,"column":21},"end":{"line":11,"column":null}},"1":{"start":{"line":12,"column":23},"end":{"line":12,"column":null}},"2":{"start":{"line":13,"column":20},"end":{"line":13,"column":null}},"3":{"start":{"line":14,"column":34},"end":{"line":14,"column":null}},"4":{"start":{"line":16,"column":68},"end":{"line":19,"column":null}},"5":{"start":{"line":21,"column":20},"end":{"line":28,"column":null}},"6":{"start":{"line":22,"column":4},"end":{"line":22,"column":null}},"7":{"start":{"line":22,"column":29},"end":{"line":22,"column":null}},"8":{"start":{"line":23,"column":18},"end":{"line":23,"column":null}},"9":{"start":{"line":24,"column":4},"end":{"line":27,"column":null}},"10":{"start":{"line":24,"column":48},"end":{"line":27,"column":6}},"11":{"start":{"line":30,"column":2},"end":{"line":32,"column":null}},"12":{"start":{"line":31,"column":4},"end":{"line":31,"column":null}},"13":{"start":{"line":34,"column":25},"end":{"line":36,"column":null}},"14":{"start":{"line":35,"column":4},"end":{"line":35,"column":null}},"15":{"start":{"line":38,"column":26},"end":{"line":40,"column":null}},"16":{"start":{"line":39,"column":4},"end":{"line":39,"column":null}},"17":{"start":{"line":42,"column":31},"end":{"line":48,"column":null}},"18":{"start":{"line":44,"column":20},"end":{"line":44,"column":null}},"19":{"start":{"line":45,"column":6},"end":{"line":45,"column":null}},"20":{"start":{"line":50,"column":27},"end":{"line":54,"column":null}},"21":{"start":{"line":51,"column":4},"end":{"line":51,"column":null}},"22":{"start":{"line":51,"column":20},"end":{"line":51,"column":null}},"23":{"start":{"line":52,"column":22},"end":{"line":52,"column":null}},"24":{"start":{"line":53,"column":4},"end":{"line":53,"column":null}},"25":{"start":{"line":56,"column":21},"end":{"line":59,"column":null}},"26":{"start":{"line":57,"column":4},"end":{"line":57,"column":null}},"27":{"start":{"line":57,"column":20},"end":{"line":57,"column":null}},"28":{"start":{"line":58,"column":4},"end":{"line":58,"column":null}},"29":{"start":{"line":61,"column":2},"end":{"line":61,"column":null}},"30":{"start":{"line":61,"column":32},"end":{"line":61,"column":null}},"31":{"start":{"line":63,"column":2},"end":{"line":161,"column":null}}},"fnMap":{"0":{"name":"Asset","decl":{"start":{"line":10,"column":9},"end":{"line":10,"column":17}},"loc":{"start":{"line":10,"column":17},"end":{"line":163,"column":null}}},"1":{"name":"(anonymous_1)","decl":{"start":{"line":21,"column":28},"end":{"line":21,"column":34}},"loc":{"start":{"line":21,"column":34},"end":{"line":28,"column":5}}},"2":{"name":"(anonymous_2)","decl":{"start":{"line":24,"column":33},"end":{"line":24,"column":34}},"loc":{"start":{"line":24,"column":48},"end":{"line":27,"column":6}}},"3":{"name":"(anonymous_3)","decl":{"start":{"line":30,"column":12},"end":{"line":30,"column":18}},"loc":{"start":{"line":30,"column":18},"end":{"line":32,"column":5}}},"4":{"name":"(anonymous_4)","decl":{"start":{"line":34,"column":37},"end":{"line":34,"column":43}},"loc":{"start":{"line":34,"column":43},"end":{"line":36,"column":5}}},"5":{"name":"(anonymous_5)","decl":{"start":{"line":38,"column":38},"end":{"line":38,"column":44}},"loc":{"start":{"line":38,"column":44},"end":{"line":40,"column":5}}},"6":{"name":"(anonymous_6)","decl":{"start":{"line":43,"column":4},"end":{"line":43,"column":5}},"loc":{"start":{"line":43,"column":48},"end":{"line":46,"column":null}}},"7":{"name":"(anonymous_7)","decl":{"start":{"line":50,"column":35},"end":{"line":50,"column":41}},"loc":{"start":{"line":50,"column":41},"end":{"line":54,"column":5}}},"8":{"name":"(anonymous_8)","decl":{"start":{"line":56,"column":29},"end":{"line":56,"column":35}},"loc":{"start":{"line":56,"column":35},"end":{"line":59,"column":5}}}},"branchMap":{"0":{"loc":{"start":{"line":13,"column":29},"end":{"line":13,"column":41}},"type":"binary-expr","locations":[{"start":{"line":13,"column":29},"end":{"line":13,"column":39}},{"start":{"line":13,"column":39},"end":{"line":13,"column":41}}]},"1":{"loc":{"start":{"line":17,"column":4},"end":{"line":17,"column":null}},"type":"binary-expr","locations":[{"start":{"line":17,"column":4},"end":{"line":17,"column":14}},{"start":{"line":17,"column":14},"end":{"line":17,"column":null}}]},"2":{"loc":{"start":{"line":22,"column":4},"end":{"line":22,"column":null}},"type":"if","locations":[{"start":{"line":22,"column":4},"end":{"line":22,"column":null}},{"start":{},"end":{}}]},"3":{"loc":{"start":{"line":51,"column":4},"end":{"line":51,"column":null}},"type":"if","locations":[{"start":{"line":51,"column":4},"end":{"line":51,"column":null}},{"start":{},"end":{}}]},"4":{"loc":{"start":{"line":57,"column":4},"end":{"line":57,"column":null}},"type":"if","locations":[{"start":{"line":57,"column":4},"end":{"line":57,"column":null}},{"start":{},"end":{}}]},"5":{"loc":{"start":{"line":58,"column":11},"end":{"line":58,"column":null}},"type":"cond-expr","locations":[{"start":{"line":58,"column":11},"end":{"line":58,"column":65}},{"start":{"line":58,"column":65},"end":{"line":58,"column":null}}]},"6":{"loc":{"start":{"line":61,"column":2},"end":{"line":61,"column":null}},"type":"if","locations":[{"start":{"line":61,"column":2},"end":{"line":61,"column":null}},{"start":{},"end":{}}]},"7":{"loc":{"start":{"line":61,"column":6},"end":{"line":61,"column":32}},"type":"binary-expr","locations":[{"start":{"line":61,"column":6},"end":{"line":61,"column":20}},{"start":{"line":61,"column":20},"end":{"line":61,"column":32}}]},"8":{"loc":{"start":{"line":78,"column":18},"end":{"line":78,"column":null}},"type":"cond-expr","locations":[{"start":{"line":78,"column":41},"end":{"line":78,"column":58}},{"start":{"line":78,"column":58},"end":{"line":78,"column":null}}]},"9":{"loc":{"start":{"line":81,"column":17},"end":{"line":81,"column":50}},"type":"cond-expr","locations":[{"start":{"line":81,"column":40},"end":{"line":81,"column":46}},{"start":{"line":81,"column":46},"end":{"line":81,"column":50}}]},"10":{"loc":{"start":{"line":141,"column":49},"end":{"line":141,"column":null}},"type":"binary-expr","locations":[{"start":{"line":141,"column":49},"end":{"line":141,"column":69}},{"start":{"line":141,"column":69},"end":{"line":141,"column":null}}]}},"s":{"0":9,"1":9,"2":9,"3":9,"4":9,"5":9,"6":6,"7":0,"8":6,"9":6,"10":30,"11":9,"12":9,"13":9,"14":1,"15":9,"16":1,"17":9,"18":3,"19":3,"20":9,"21":6,"22":0,"23":6,"24":6,"25":9,"26":9,"27":0,"28":9,"29":9,"30":0,"31":9},"f":{"0":9,"1":6,"2":30,"3":9,"4":1,"5":1,"6":3,"7":6,"8":9},"b":{"0":[9,0],"1":[9,0],"2":[0,6],"3":[0,6],"4":[0,9],"5":[9,0],"6":[0,9],"7":[9,9],"8":[9,0],"9":[9,0],"10":[9,0]}}
,"/Users/edu/Projects/assets-page-mono/assets-page/src/pages/Dashboard.tsx": {"path":"/Users/edu/Projects/assets-page-mono/assets-page/src/pages/Dashboard.tsx","statementMap":{"0":{"start":{"line":7,"column":30},"end":{"line":7,"column":null}},"1":{"start":{"line":9,"column":22},"end":{"line":13,"column":null}},"2":{"start":{"line":10,"column":21},"end":{"line":10,"column":null}},"3":{"start":{"line":11,"column":17},"end":{"line":11,"column":null}},"4":{"start":{"line":12,"column":4},"end":{"line":12,"column":null}},"5":{"start":{"line":15,"column":59},"end":{"line":34,"column":null}},"6":{"start":{"line":16,"column":61},"end":{"line":32,"column":null}},"7":{"start":{"line":20,"column":8},"end":{"line":29,"column":null}},"8":{"start":{"line":33,"column":4},"end":{"line":33,"column":null}},"9":{"start":{"line":36,"column":2},"end":{"line":38,"column":null}},"10":{"start":{"line":37,"column":4},"end":{"line":37,"column":null}},"11":{"start":{"line":40,"column":19},"end":{"line":42,"column":null}},"12":{"start":{"line":41,"column":4},"end":{"line":41,"column":null}},"13":{"start":{"line":41,"column":51},"end":{"line":41,"column":72}},"14":{"start":{"line":44,"column":2},"end":{"line":59,"column":null}},"15":{"start":{"line":55,"column":12},"end":{"line":55,"column":null}}},"fnMap":{"0":{"name":"Dashboard","decl":{"start":{"line":6,"column":9},"end":{"line":6,"column":21}},"loc":{"start":{"line":6,"column":21},"end":{"line":61,"column":null}}},"1":{"name":"(anonymous_1)","decl":{"start":{"line":9,"column":34},"end":{"line":9,"column":46}},"loc":{"start":{"line":9,"column":46},"end":{"line":13,"column":5}}},"2":{"name":"(anonymous_2)","decl":{"start":{"line":15,"column":67},"end":{"line":15,"column":73}},"loc":{"start":{"line":15,"column":73},"end":{"line":34,"column":5}}},"3":{"name":"(anonymous_3)","decl":{"start":{"line":19,"column":6},"end":{"line":19,"column":7}},"loc":{"start":{"line":19,"column":22},"end":{"line":30,"column":null}}},"4":{"name":"(anonymous_4)","decl":{"start":{"line":36,"column":12},"end":{"line":36,"column":18}},"loc":{"start":{"line":36,"column":18},"end":{"line":38,"column":5}}},"5":{"name":"(anonymous_5)","decl":{"start":{"line":40,"column":27},"end":{"line":40,"column":33}},"loc":{"start":{"line":40,"column":33},"end":{"line":42,"column":5}}},"6":{"name":"(anonymous_6)","decl":{"start":{"line":41,"column":40},"end":{"line":41,"column":41}},"loc":{"start":{"line":41,"column":51},"end":{"line":41,"column":72}}},"7":{"name":"(anonymous_7)","decl":{"start":{"line":54,"column":24},"end":{"line":54,"column":25}},"loc":{"start":{"line":54,"column":35},"end":{"line":56,"column":11}}}},"branchMap":{},"s":{"0":4,"1":4,"2":2,"3":2,"4":2,"5":4,"6":4,"7":4,"8":4,"9":4,"10":2,"11":4,"12":4,"13":4,"14":4,"15":4},"f":{"0":4,"1":2,"2":4,"3":4,"4":2,"5":4,"6":4,"7":4},"b":{}}
,"/Users/edu/Projects/assets-page-mono/assets-page/src/pages/Market.tsx": {"path":"/Users/edu/Projects/assets-page-mono/assets-page/src/pages/Market.tsx","statementMap":{"0":{"start":{"line":5,"column":21},"end":{"line":5,"column":null}},"1":{"start":{"line":7,"column":2},"end":{"line":12,"column":null}},"2":{"start":{"line":10,"column":8},"end":{"line":10,"column":null}}},"fnMap":{"0":{"name":"Market","decl":{"start":{"line":4,"column":9},"end":{"line":4,"column":18}},"loc":{"start":{"line":4,"column":18},"end":{"line":14,"column":null}}},"1":{"name":"(anonymous_1)","decl":{"start":{"line":9,"column":18},"end":{"line":9,"column":19}},"loc":{"start":{"line":10,"column":8},"end":{"line":10,"column":null}}}},"branchMap":{},"s":{"0":1,"1":1,"2":2},"f":{"0":1,"1":2},"b":{}}
}
